Trying to pull repository registry.access.redhat.com/openshift3/ose-ansible ... 
v3.9.33: Pulling from registry.access.redhat.com/openshift3/ose-ansible
Digest: sha256:3bf30fa7b1091cc946c3b3c59ee5c91640e265828a4b78d2999706360b92e788
Status: Image is up to date for registry.access.redhat.com/openshift3/ose-ansible:v3.9.33
Trying to pull repository registry.access.redhat.com/openshift3/ose-cluster-capacity ... 
v3.9.33: Pulling from registry.access.redhat.com/openshift3/ose-cluster-capacity
d02c3bd49e78: Already exists
475b0168c252: Already exists
a15db0e9e292: Pulling fs layer
a15db0e9e292: Verifying Checksum
a15db0e9e292: Download complete
a15db0e9e292: Pull complete
Digest: sha256:4fb293fb51c18021b55e00ef098241754fcbacca2a19ea95b3f47d8db8baef73
Status: Downloaded newer image for registry.access.redhat.com/openshift3/ose-cluster-capacity:v3.9.33
Trying to pull repository registry.access.redhat.com/openshift3/ose-deployer ... 
v3.9.33: Pulling from registry.access.redhat.com/openshift3/ose-deployer
Digest: sha256:b1b1ed773bbcac0c19dfe852b01fa7522306b3831c4d583ac168d84266e45264
Status: Image is up to date for registry.access.redhat.com/openshift3/ose-deployer:v3.9.33
Trying to pull repository registry.access.redhat.com/openshift3/ose-docker-builder ... 
v3.9.33: Pulling from registry.access.redhat.com/openshift3/ose-docker-builder
Digest: sha256:fd1588561c8d576d5e17e18dec6938693238871ee30440dd5f0b239ce51abc8b
Status: Image is up to date for registry.access.redhat.com/openshift3/ose-docker-builder:v3.9.33
Trying to pull repository registry.access.redhat.com/openshift3/ose-docker-registry ... 
v3.9.33: Pulling from registry.access.redhat.com/openshift3/ose-docker-registry
Digest: sha256:48aa0394505ae7920fa5fa3db3173ba4a6a2870a8fd7f37cdaecc7ea6a1d92d7
Status: Image is up to date for registry.access.redhat.com/openshift3/ose-docker-registry:v3.9.33
Trying to pull repository registry.access.redhat.com/openshift3/ose-egress-http-proxy ... 
v3.9.33: Pulling from registry.access.redhat.com/openshift3/ose-egress-http-proxy
Digest: sha256:260612e95bf2c1c3523c21e084ae633380827af5e5573fa9cd665f380aa90f2b
Status: Image is up to date for registry.access.redhat.com/openshift3/ose-egress-http-proxy:v3.9.33
Trying to pull repository registry.access.redhat.com/openshift3/ose-egress-router ... 
v3.9.33: Pulling from registry.access.redhat.com/openshift3/ose-egress-router
Digest: sha256:47fc53b72b047721d4def9f03b9f93a9986cc444e1261e0630f7b74a01b0d332
Status: Image is up to date for registry.access.redhat.com/openshift3/ose-egress-router:v3.9.33
Trying to pull repository registry.access.redhat.com/openshift3/ose-f5-router ... 
v3.9.33: Pulling from registry.access.redhat.com/openshift3/ose-f5-router
Digest: sha256:fba3d0b09669e45ee2d0b5d38f7a623c62d8d1a16d9ed967946eddf94ee27816
Status: Image is up to date for registry.access.redhat.com/openshift3/ose-f5-router:v3.9.33
Trying to pull repository registry.access.redhat.com/openshift3/ose-haproxy-router ... 
v3.9.33: Pulling from registry.access.redhat.com/openshift3/ose-haproxy-router
d02c3bd49e78: Already exists
475b0168c252: Already exists
923978352a1a: Already exists
c09e7e4980d7: Already exists
7081cab12f43: Pulling fs layer
7081cab12f43: Verifying Checksum
7081cab12f43: Download complete
7081cab12f43: Pull complete
Digest: sha256:a2f3d72f9d5cfe8f8fc14cff71ea0e4cae96cf1ddc5c487cb38cc9789eccac43
Status: Downloaded newer image for registry.access.redhat.com/openshift3/ose-haproxy-router:v3.9.33
Trying to pull repository registry.access.redhat.com/openshift3/ose-keepalived-ipfailover ... 
v3.9.33: Pulling from registry.access.redhat.com/openshift3/ose-keepalived-ipfailover
Digest: sha256:c2c6dc743bb5f69066889a0786f97a3465e2d498151c22dd2ac74d8065ea1f7b
Status: Image is up to date for registry.access.redhat.com/openshift3/ose-keepalived-ipfailover:v3.9.33
Trying to pull repository registry.access.redhat.com/openshift3/ose-pod ... 
v3.9.33: Pulling from registry.access.redhat.com/openshift3/ose-pod
Digest: sha256:8cf752a20fe8d2e04790ddf01dc52310c3ed3a9fddfbf7588b696b1427c56dcc
Status: Image is up to date for registry.access.redhat.com/openshift3/ose-pod:v3.9.33
Trying to pull repository registry.access.redhat.com/openshift3/ose-sti-builder ... 
v3.9.33: Pulling from registry.access.redhat.com/openshift3/ose-sti-builder
Digest: sha256:b5498b69d7d7a62410d75f570662777c85697a556236a4f0289116acf9dc24cb
Status: Image is up to date for registry.access.redhat.com/openshift3/ose-sti-builder:v3.9.33
Trying to pull repository registry.access.redhat.com/openshift3/ose-template-service-broker ... 
v3.9.33: Pulling from registry.access.redhat.com/openshift3/ose-template-service-broker
Digest: sha256:15d1e38a31367a8ae2299d7ceb7bd88cc596020c2a570fe6682b6488e16e1c10
Status: Image is up to date for registry.access.redhat.com/openshift3/ose-template-service-broker:v3.9.33
Trying to pull repository registry.access.redhat.com/openshift3/ose-web-console ... 
v3.9.33: Pulling from registry.access.redhat.com/openshift3/ose-web-console
Digest: sha256:67dd56edcebe2b43093d19be5473c504715fb8b9c0aa29394f737b23420bbe71
Status: Image is up to date for registry.access.redhat.com/openshift3/ose-web-console:v3.9.33
Trying to pull repository registry.access.redhat.com/openshift3/ose ... 
v3.9.33: Pulling from registry.access.redhat.com/openshift3/ose
Digest: sha256:3f8f1decf9d9361dc9e2b84aa932bdaef8fa0b16ff0a58e8c911e38ff90c5397
Status: Image is up to date for registry.access.redhat.com/openshift3/ose:v3.9.33
Trying to pull repository registry.access.redhat.com/openshift3/container-engine ... 
v3.9.33: Pulling from registry.access.redhat.com/openshift3/container-engine
d02c3bd49e78: Already exists
475b0168c252: Already exists
77cfc72590a6: Pulling fs layer
77cfc72590a6: Verifying Checksum
77cfc72590a6: Download complete
77cfc72590a6: Pull complete
Digest: sha256:344560064c8b35a7f24fdc6ef66b95e15ed23a1a19b4cfaea54833bc95582560
Status: Downloaded newer image for registry.access.redhat.com/openshift3/container-engine:v3.9.33
Trying to pull repository registry.access.redhat.com/openshift3/efs-provisioner ... 
Pulling repository registry.access.redhat.com/openshift3/efs-provisioner
Trying to pull repository registry.access.redhat.com/openshift3/node ... 
v3.9.33: Pulling from registry.access.redhat.com/openshift3/node
Digest: sha256:ed45ac8c1651ec5a89ecc718b16ddd1c09dea01aaa4df9896155d968569e18ee
Status: Image is up to date for registry.access.redhat.com/openshift3/node:v3.9.33
Trying to pull repository registry.access.redhat.com/openshift3/openvswitch ... 
v3.9.33: Pulling from registry.access.redhat.com/openshift3/openvswitch
Digest: sha256:18e90aa5e970f603f982eafde03043ece803b4690755df458805117ce946712b
Status: Image is up to date for registry.access.redhat.com/openshift3/openvswitch:v3.9.33
Using default tag: latest
Trying to pull repository registry.access.redhat.com/rhel7/etcd ... 
latest: Pulling from registry.access.redhat.com/rhel7/etcd
Digest: sha256:0f75c1180d44d31013948c1cde80c082c87178618844630ba3a89d595ec46a6b
Status: Image is up to date for registry.access.redhat.com/rhel7/etcd:latest
Trying to pull repository registry.access.redhat.com/openshift3/logging-auth-proxy ... 
v3.9.33: Pulling from registry.access.redhat.com/openshift3/logging-auth-proxy
Digest: sha256:19bd3c8c516db81569dfeb3dcc154eb91638b00392b491c5bc5a5b65f23025b7
Status: Image is up to date for registry.access.redhat.com/openshift3/logging-auth-proxy:v3.9.33
Trying to pull repository registry.access.redhat.com/openshift3/logging-curator ... 
v3.9.33: Pulling from registry.access.redhat.com/openshift3/logging-curator
Digest: sha256:2234a5da0dd7b193e96a22b00433f047f04707f5431a19cd3c13a409fda149eb
Status: Image is up to date for registry.access.redhat.com/openshift3/logging-curator:v3.9.33
Trying to pull repository registry.access.redhat.com/openshift3/logging-deployer ... 
Trying to pull repository registry.access.redhat.com/openshift3/logging-elasticsearch ... 
v3.9.33: Pulling from registry.access.redhat.com/openshift3/logging-elasticsearch
Trying to pull repository registry.access.redhat.com/openshift3/logging-fluentd ... 
v3.9.33: Pulling from registry.access.redhat.com/openshift3/logging-fluentd
Digest: sha256:1f0db068537d13036319d1672e0d03055bd0baebe9e95fdb50043ab226bc69ef
Status: Image is up to date for registry.access.redhat.com/openshift3/logging-fluentd:v3.9.33
Trying to pull repository registry.access.redhat.com/openshift3/logging-kibana ... 
v3.9.33: Pulling from registry.access.redhat.com/openshift3/logging-kibana
Digest: sha256:4fc0efe2be435d72b76c0f538d94f58128cb7f3789289a11ea8d4c3464db9970
Status: Image is up to date for registry.access.redhat.com/openshift3/logging-kibana:v3.9.33
Trying to pull repository registry.access.redhat.com/openshift3/oauth-proxy ... 
Pulling repository registry.access.redhat.com/openshift3/oauth-proxy
046e40ddc778: Pulling image (v3.9.33) from registry.access.redhat.com/openshift3/oauth-proxy
046e40ddc778: Pulling image (v3.9.33) from registry.access.redhat.com/openshift3/oauth-proxy, endpoint: https://registry.access.redhat.com/v1/
046e40ddc778: Pulling dependent layers
264889a1be8b: Pulling metadata
5e5075b5d174: Pulling metadata
046e40ddc778: Pulling metadata
264889a1be8b: Already exists
5e5075b5d174: Already exists
046e40ddc778: Pulling fs layer
046e40ddc778: Pulling fs layer
046e40ddc778: Download complete
046e40ddc778: Pull complete
Status: Downloaded newer image for registry.access.redhat.com/openshift3/oauth-proxy:v3.9.33
registry.access.redhat.com/openshift3/oauth-proxy: this image was pulled from a legacy registry.  Important: This registry version will not be supported in future versions of docker.
Trying to pull repository registry.access.redhat.com/openshift3/metrics-cassandra ... 
v3.9.33: Pulling from registry.access.redhat.com/openshift3/metrics-cassandra
Digest: sha256:bd401d1bf46b2ddb3e2efda013bb3e813c55407d53416d3b9b5f1a7cb9217a93
Status: Image is up to date for registry.access.redhat.com/openshift3/metrics-cassandra:v3.9.33
Trying to pull repository registry.access.redhat.com/openshift3/metrics-deployer ... 
Trying to pull repository registry.access.redhat.com/openshift3/metrics-hawkular-metrics ... 
v3.9.33: Pulling from registry.access.redhat.com/openshift3/metrics-hawkular-metrics
Digest: sha256:5fd9e5c317be754cf0802ef87e4a60ea00530c3768db84a7025f5a29ddcbe8bb
Status: Image is up to date for registry.access.redhat.com/openshift3/metrics-hawkular-metrics:v3.9.33
Trying to pull repository registry.access.redhat.com/openshift3/metrics-hawkular-openshift-agent ... 
v3.9.33: Pulling from registry.access.redhat.com/openshift3/metrics-hawkular-openshift-agent
d02c3bd49e78: Already exists
475b0168c252: Already exists
58163d22d170: Already exists
Digest: sha256:f2599eef54198957cf54b83755cd27f8d7109ca6fde01daa8deecb92888d0ceb
Status: Downloaded newer image for registry.access.redhat.com/openshift3/metrics-hawkular-openshift-agent:v3.9.33
Trying to pull repository registry.access.redhat.com/openshift3/metrics-heapster ... 
v3.9.33: Pulling from registry.access.redhat.com/openshift3/metrics-heapster
Digest: sha256:cc4c2e02d3b2de5e81560e4dc5a4d56a0fc1877ddb9fe50dc5f20723efe77ce4
Status: Image is up to date for registry.access.redhat.com/openshift3/metrics-heapster:v3.9.33
Trying to pull repository registry.access.redhat.com/openshift3/prometheus ... 
v3.9.33: Pulling from registry.access.redhat.com/openshift3/prometheus
Digest: sha256:79f241e2241d07aacd4e213628fab7e639b3d22caed049e44a6e657f47732df5
Status: Image is up to date for registry.access.redhat.com/openshift3/prometheus:v3.9.33
Trying to pull repository registry.access.redhat.com/openshift3/prometheus-alert-buffer ... 
Pulling repository registry.access.redhat.com/openshift3/prometheus-alert-buffer
8f12690a88dd: Pulling image (v3.9.33) from registry.access.redhat.com/openshift3/prometheus-alert-buffer
8f12690a88dd: Pulling image (v3.9.33) from registry.access.redhat.com/openshift3/prometheus-alert-buffer, endpoint: https://registry.access.redhat.com/v1/
8f12690a88dd: Pulling dependent layers
264889a1be8b: Pulling metadata
5e5075b5d174: Pulling metadata
8f12690a88dd: Pulling metadata
264889a1be8b: Already exists
5e5075b5d174: Already exists
8f12690a88dd: Pulling fs layer
8f12690a88dd: Pulling fs layer
8f12690a88dd: Download complete
8f12690a88dd: Pull complete
Status: Downloaded newer image for registry.access.redhat.com/openshift3/prometheus-alert-buffer:v3.9.33
registry.access.redhat.com/openshift3/prometheus-alert-buffer: this image was pulled from a legacy registry.  Important: This registry version will not be supported in future versions of docker.
Trying to pull repository registry.access.redhat.com/openshift3/prometheus-alertmanager ... 
v3.9.33: Pulling from registry.access.redhat.com/openshift3/prometheus-alertmanager
Digest: sha256:a4aa19be9a5b152bc95dc3ee109985c18bab37adc277001e386a72a92f2888dc
Status: Image is up to date for registry.access.redhat.com/openshift3/prometheus-alertmanager:v3.9.33
Trying to pull repository registry.access.redhat.com/openshift3/prometheus-node-exporter ... 
Trying to pull repository registry.access.redhat.com/cloudforms46/cfme-openshift-postgresql ... 
Pulling repository registry.access.redhat.com/cloudforms46/cfme-openshift-postgresql
Trying to pull repository registry.access.redhat.com/cloudforms46/cfme-openshift-memcached ... 
Trying to pull repository registry.access.redhat.com/cloudforms46/cfme-openshift-app-ui ... 
Trying to pull repository registry.access.redhat.com/cloudforms46/cfme-openshift-app ... 
Trying to pull repository registry.access.redhat.com/cloudforms46/cfme-openshift-embedded-ansible ... 
Trying to pull repository registry.access.redhat.com/cloudforms46/cfme-openshift-httpd ... 
Trying to pull repository registry.access.redhat.com/cloudforms46/cfme-httpd-configmap-generator ... 
Trying to pull repository registry.access.redhat.com/rhgs3/rhgs-server-rhel7 ... 
Trying to pull repository registry.access.redhat.com/rhgs3/rhgs-volmanager-rhel7 ... 
Trying to pull repository registry.access.redhat.com/rhgs3/rhgs-gluster-block-prov-rhel7 ... 
Trying to pull repository registry.access.redhat.com/rhgs3/rhgs-s3-server-rhel7 ... 
Trying to pull repository registry.access.redhat.com/openshift3/ose-service-catalog ... 
v3.9.33: Pulling from registry.access.redhat.com/openshift3/ose-service-catalog
Digest: sha256:64163b156a18f0088f277ed876be929a0cc1072b97490af593160511aa7fcf2a
Status: Image is up to date for registry.access.redhat.com/openshift3/ose-service-catalog:v3.9.33
Trying to pull repository registry.access.redhat.com/openshift3/ose-ansible-service-broker ... 
v3.9.33: Pulling from registry.access.redhat.com/openshift3/ose-ansible-service-broker
Digest: sha256:25eb9aa07a4112224b90805bc5effee53c07cf6cee91df004eefd9e579a64c5b
Status: Image is up to date for registry.access.redhat.com/openshift3/ose-ansible-service-broker:v3.9.33
Trying to pull repository registry.access.redhat.com/openshift3/mediawiki-apb ... 
v3.9.33: Pulling from registry.access.redhat.com/openshift3/mediawiki-apb
Digest: sha256:6bb860e312971ba0f7fb05b5308bfb0ae01bbc8ae454d51ffc7386cadb948bbd
Status: Image is up to date for registry.access.redhat.com/openshift3/mediawiki-apb:v3.9.33
Trying to pull repository registry.access.redhat.com/openshift3/postgresql-apb ... 
v3.9.33: Pulling from registry.access.redhat.com/openshift3/postgresql-apb
d02c3bd49e78: Already exists
475b0168c252: Already exists
42290444ce86: Already exists
45a64cd9ee5c: Pulling fs layer
45a64cd9ee5c: Verifying Checksum
45a64cd9ee5c: Download complete
45a64cd9ee5c: Pull complete
Digest: sha256:46ca8de28390f198be26040dcce6249e7fc04a265dc16991743c18dbf2137114
Status: Downloaded newer image for registry.access.redhat.com/openshift3/postgresql-apb:v3.9.33
Trying to pull repository registry.access.redhat.com/openshift3/ose-template-service-broker ... 
v3.9.33: Pulling from registry.access.redhat.com/openshift3/ose-template-service-broker
Digest: sha256:15d1e38a31367a8ae2299d7ceb7bd88cc596020c2a570fe6682b6488e16e1c10
Status: Image is up to date for registry.access.redhat.com/openshift3/ose-template-service-broker:v3.9.33
Trying to pull repository registry.access.redhat.com/openshift3/registry-console ... 
v3.9.33: Pulling from registry.access.redhat.com/openshift3/registry-console
Digest: sha256:98fa1111cbe92fd3108bcb06a4be356866910c3c43d2145e992689455afd37b7
Status: Image is up to date for registry.access.redhat.com/openshift3/registry-console:v3.9.33
Using default tag: latest
Trying to pull repository registry.access.redhat.com/openshift3/efs-provisioner ... 
latest: Pulling from registry.access.redhat.com/openshift3/efs-provisioner
Digest: sha256:3e13296706039a8070fff5039751d1bb57d00ef8b044289bea27a068f25b9b90
Status: Image is up to date for registry.access.redhat.com/openshift3/efs-provisioner:latest
Using default tag: latest
Trying to pull repository registry.access.redhat.com/openshift3/logging-deployer ... 
latest: Pulling from registry.access.redhat.com/openshift3/logging-deployer
9cadd93b16ff: Already exists
4aa565ad8b7a: Already exists
e657ba33cab7: Already exists
eb60d2989ee6: Already exists
c7c8532ff3e7: Already exists
Digest: sha256:f251efb312547bfcb2404b687b243e011f01c9a36b761952343898196dcc28ed
Status: Image is up to date for registry.access.redhat.com/openshift3/logging-deployer:latest
Using default tag: latest
Trying to pull repository registry.access.redhat.com/openshift3/metrics-deployer ... 
latest: Pulling from registry.access.redhat.com/openshift3/metrics-deployer
9cadd93b16ff: Already exists
4aa565ad8b7a: Already exists
e657ba33cab7: Already exists
eb60d2989ee6: Already exists
fd3661bf991b: Already exists
Digest: sha256:2cd30733ce7ecbaf9c3966dbf6e1b2ebada45b991c6ec1d4cc8e690e88adc50a
Status: Image is up to date for registry.access.redhat.com/openshift3/metrics-deployer:latest
Using default tag: latest
Trying to pull repository registry.access.redhat.com/cloudforms46/cfme-openshift-postgresql ... 
latest: Pulling from registry.access.redhat.com/cloudforms46/cfme-openshift-postgresql
Digest: sha256:c8fa64b190f0771805f1794f00d26d5e260819f5886acb967735798a7590632a
Status: Image is up to date for registry.access.redhat.com/cloudforms46/cfme-openshift-postgresql:latest
Using default tag: latest
Trying to pull repository registry.access.redhat.com/cloudforms46/cfme-openshift-memcached ... 
latest: Pulling from registry.access.redhat.com/cloudforms46/cfme-openshift-memcached
Digest: sha256:526038876a9e8f1c409cba4751de6b7ba4fe41f104060595f72267965ba4e267
Status: Image is up to date for registry.access.redhat.com/cloudforms46/cfme-openshift-memcached:latest
Using default tag: latest
Trying to pull repository registry.access.redhat.com/cloudforms46/cfme-openshift-app-ui ... 
latest: Pulling from registry.access.redhat.com/cloudforms46/cfme-openshift-app-ui
Digest: sha256:52324e8fe9186844009de5569853321d0ca515c59c8ff4abd52d43dcd2fa809e
Status: Image is up to date for registry.access.redhat.com/cloudforms46/cfme-openshift-app-ui:latest
Using default tag: latest
Trying to pull repository registry.access.redhat.com/cloudforms46/cfme-openshift-app ... 
latest: Pulling from registry.access.redhat.com/cloudforms46/cfme-openshift-app
Digest: sha256:0bed00cff01d78ff2b0c049658530ce5af18a63dbe19e0e8e79c25ad56761800
Status: Image is up to date for registry.access.redhat.com/cloudforms46/cfme-openshift-app:latest
Using default tag: latest
Trying to pull repository registry.access.redhat.com/cloudforms46/cfme-openshift-embedded-ansible ... 
Pulling repository registry.access.redhat.com/cloudforms46/cfme-openshift-embedded-ansible
8925d249345e: Pulling image (latest) from registry.access.redhat.com/cloudforms46/cfme-openshift-embedded-ansible
8925d249345e: Pulling image (latest) from registry.access.redhat.com/cloudforms46/cfme-openshift-embedded-ansible, endpoint: https://registry.access.redhat.com/v1/
8925d249345e: Pulling dependent layers
e4f5637422d2: Pulling metadata
fa8003af87d9: Pulling metadata
8925d249345e: Pulling metadata
e4f5637422d2: Pulling fs layer
fa8003af87d9: Pulling fs layer
8925d249345e: Pulling fs layer
e4f5637422d2: Pulling fs layer
fa8003af87d9: Pulling fs layer
8925d249345e: Pulling fs layer
fa8003af87d9: Error pulling dependent layers
e4f5637422d2: Download complete
e4f5637422d2: Pull complete
8925d249345e: Download complete
8925d249345e: Error pulling image (latest) from registry.access.redhat.com/cloudforms46/cfme-openshift-embedded-ansible, endpoint: https://registry.access.redhat.com/v1/, Server error: Status 0 while fetching image layer (fa8003af87d9236b95e54f3cb386e5a89225bb1ae4d99c0efa70652350327047)
8925d249345e: Error pulling image (latest) from registry.access.redhat.com/cloudforms46/cfme-openshift-embedded-ansible, Server error: Status 0 while fetching image layer (fa8003af87d9236b95e54f3cb386e5a89225bb1ae4d99c0efa70652350327047)
Using default tag: latest
Trying to pull repository registry.access.redhat.com/cloudforms46/cfme-openshift-httpd ... 
Using default tag: latest
Trying to pull repository registry.access.redhat.com/cloudforms46/cfme-httpd-configmap-generator ... 
Pulling repository registry.access.redhat.com/cloudforms46/cfme-httpd-configmap-generator
0ca3dbb6a726: Pulling image (latest) from registry.access.redhat.com/cloudforms46/cfme-httpd-configmap-generator
0ca3dbb6a726: Pulling image (latest) from registry.access.redhat.com/cloudforms46/cfme-httpd-configmap-generator, endpoint: https://registry.access.redhat.com/v1/
0ca3dbb6a726: Error pulling image (latest) from registry.access.redhat.com/cloudforms46/cfme-httpd-configmap-generator, endpoint: https://registry.access.redhat.com/v1/, Get https://registry.access.redhat.com/v1/images/0ca3dbb6a726ffc5d90c459620f1f651def721145fb9118e839f221fb1300cd4/ancestry: net/http: TLS handshake timeout
0ca3dbb6a726: Error pulling image (latest) from registry.access.redhat.com/cloudforms46/cfme-httpd-configmap-generator, Get https://registry.access.redhat.com/v1/images/0ca3dbb6a726ffc5d90c459620f1f651def721145fb9118e839f221fb1300cd4/ancestry: net/http: TLS handshake timeout
Using default tag: latest
Trying to pull repository registry.access.redhat.com/rhgs3/rhgs-server-rhel7 ... 
Using default tag: latest
Trying to pull repository registry.access.redhat.com/rhgs3/rhgs-volmanager-rhel7 ... 
Using default tag: latest
Trying to pull repository registry.access.redhat.com/rhgs3/rhgs-gluster-block-prov-rhel7 ... 
latest: Pulling from registry.access.redhat.com/rhgs3/rhgs-gluster-block-prov-rhel7
Digest: sha256:fc2e93ba1535af4f60690e47b95b959744e34d467475fdd3b67171074ccb4cbe
Status: Image is up to date for registry.access.redhat.com/rhgs3/rhgs-gluster-block-prov-rhel7:latest
Using default tag: latest
Trying to pull repository registry.access.redhat.com/rhgs3/rhgs-s3-server-rhel7 ... 
